G:\DEVTOOLS\OFLIB64\OF_V0.7.4_X64\LIBS\OPENFRAMEWORKSCOMPILED\PROJECT\VS2010\X64\RELEASE\OFIMAGE.OBJ
G:\DEVTOOLS\OFLIB64\OF_V0.7.4_X64\LIBS\OPENFRAMEWORKSCOMPILED\PROJECT\VS2010\X64\RELEASE\OFGRAPHICS.OBJ
G:\DEVTOOLS\OFLIB64\OF_V0.7.4_X64\LIBS\OPENFRAMEWORKSCOMPILED\PROJECT\VS2010\X64\RELEASE\OFCAIRORENDERER.OBJ
G:\DEVTOOLS\OFLIB64\OF_V0.7.4_X64\LIBS\OPENFRAMEWORKSCOMPILED\PROJECT\VS2010\X64\RELEASE\OFBITMAPFONT.OBJ
G:\DEVTOOLS\OFLIB64\OF_V0.7.4_X64\LIBS\OPENFRAMEWORKSCOMPILED\PROJECT\VS2010\X64\RELEASE\OFVBOMESH.OBJ
G:\DEVTOOLS\OFLIB64\OF_V0.7.4_X64\LIBS\OPENFRAMEWORKSCOMPILED\PROJECT\VS2010\X64\RELEASE\OFVBO.OBJ
G:\DEVTOOLS\OFLIB64\OF_V0.7.4_X64\LIBS\OPENFRAMEWORKSCOMPILED\PROJECT\VS2010\X64\RELEASE\OFTEXTURE.OBJ
G:\DEVTOOLS\OFLIB64\OF_V0.7.4_X64\LIBS\OPENFRAMEWORKSCOMPILED\PROJECT\VS2010\X64\RELEASE\OFSHADER.OBJ
G:\DEVTOOLS\OFLIB64\OF_V0.7.4_X64\LIBS\OPENFRAMEWORKSCOMPILED\PROJECT\VS2010\X64\RELEASE\OFMATERIAL.OBJ
G:\DEVTOOLS\OFLIB64\OF_V0.7.4_X64\LIBS\OPENFRAMEWORKSCOMPILED\PROJECT\VS2010\X64\RELEASE\OFLIGHT.OBJ
G:\DEVTOOLS\OFLIB64\OF_V0.7.4_X64\LIBS\OPENFRAMEWORKSCOMPILED\PROJECT\VS2010\X64\RELEASE\OFGLRENDERER.OBJ
G:\DEVTOOLS\OFLIB64\OF_V0.7.4_X64\LIBS\OPENFRAMEWORKSCOMPILED\PROJECT\VS2010\X64\RELEASE\OFFBO.OBJ
G:\DEVTOOLS\OFLIB64\OF_V0.7.4_X64\LIBS\OPENFRAMEWORKSCOMPILED\PROJECT\VS2010\X64\RELEASE\OFEVENTS.OBJ
G:\DEVTOOLS\OFLIB64\OF_V0.7.4_X64\LIBS\OPENFRAMEWORKSCOMPILED\PROJECT\VS2010\X64\RELEASE\OFAPPRUNNER.OBJ
G:\DEVTOOLS\OFLIB64\OF_V0.7.4_X64\LIBS\OPENFRAMEWORKSCOMPILED\PROJECT\VS2010\X64\RELEASE\OFAPPGLUTWINDOW.OBJ
G:\DEVTOOLS\OFLIB64\OF_V0.7.4_X64\LIBS\OPENFRAMEWORKSCOMPILED\PROJECT\VS2010\X64\RELEASE\OFNODE.OBJ
G:\DEVTOOLS\OFLIB64\OF_V0.7.4_X64\LIBS\OPENFRAMEWORKSCOMPILED\PROJECT\VS2010\X64\RELEASE\OFMESH.OBJ
G:\DEVTOOLS\OFLIB64\OF_V0.7.4_X64\LIBS\OPENFRAMEWORKSCOMPILED\PROJECT\VS2010\X64\RELEASE\OFEASYCAM.OBJ
G:\DEVTOOLS\OFLIB64\OF_V0.7.4_X64\LIBS\OPENFRAMEWORKSCOMPILED\PROJECT\VS2010\X64\RELEASE\OFCAMERA.OBJ
G:\DEVTOOLS\OFLIB64\OF_V0.7.4_X64\LIBS\OPENFRAMEWORKSCOMPILED\PROJECT\VS2010\X64\RELEASE\OF3DUTILS.OBJ
G:\DEVTOOLS\OFLIB64\OF_V0.7.4_X64\LIBS\OPENFRAMEWORKSCOMPILED\PROJECT\VS2010\X64\RELEASE\OFPOINT.OBJ
G:\DEVTOOLS\OFLIB64\OF_V0.7.4_X64\LIBS\OPENFRAMEWORKSCOMPILED\PROJECT\VS2010\X64\RELEASE\OFCOLOR.OBJ
G:\DEVTOOLS\OFLIB64\OF_V0.7.4_X64\LIBS\OPENFRAMEWORKSCOMPILED\PROJECT\VS2010\X64\RELEASE\OFBASETYPES.OBJ
G:\DEVTOOLS\OFLIB64\OF_V0.7.4_X64\LIBS\OPENFRAMEWORKSCOMPILED\PROJECT\VS2010\X64\RELEASE\OFSOUNDSTREAM.OBJ
G:\DEVTOOLS\OFLIB64\OF_V0.7.4_X64\LIBS\OPENFRAMEWORKSCOMPILED\PROJECT\VS2010\X64\RELEASE\OFSOUNDPLAYER.OBJ
G:\DEVTOOLS\OFLIB64\OF_V0.7.4_X64\LIBS\OPENFRAMEWORKSCOMPILED\PROJECT\VS2010\X64\RELEASE\OFRTAUDIOSOUNDSTREAM.OBJ
G:\DEVTOOLS\OFLIB64\OF_V0.7.4_X64\LIBS\OPENFRAMEWORKSCOMPILED\PROJECT\VS2010\X64\RELEASE\OFFMODSOUNDPLAYER.OBJ
G:\DEVTOOLS\OFLIB64\OF_V0.7.4_X64\LIBS\OPENFRAMEWORKSCOMPILED\PROJECT\VS2010\X64\RELEASE\OFBASESOUNDSTREAM.OBJ
G:\DEVTOOLS\OFLIB64\OF_V0.7.4_X64\LIBS\OPENFRAMEWORKSCOMPILED\PROJECT\VS2010\X64\RELEASE\OFBASESOUNDPLAYER.OBJ
G:\DEVTOOLS\OFLIB64\OF_V0.7.4_X64\LIBS\OPENFRAMEWORKSCOMPILED\PROJECT\VS2010\X64\RELEASE\OFVEC4F.OBJ
G:\DEVTOOLS\OFLIB64\OF_V0.7.4_X64\LIBS\OPENFRAMEWORKSCOMPILED\PROJECT\VS2010\X64\RELEASE\OFVEC2F.OBJ
G:\DEVTOOLS\OFLIB64\OF_V0.7.4_X64\LIBS\OPENFRAMEWORKSCOMPILED\PROJECT\VS2010\X64\RELEASE\OFQUATERNION.OBJ
G:\DEVTOOLS\OFLIB64\OF_V0.7.4_X64\LIBS\OPENFRAMEWORKSCOMPILED\PROJECT\VS2010\X64\RELEASE\OFMATRIX4X4.OBJ
G:\DEVTOOLS\OFLIB64\OF_V0.7.4_X64\LIBS\OPENFRAMEWORKSCOMPILED\PROJECT\VS2010\X64\RELEASE\OFMATRIX3X3.OBJ
G:\DEVTOOLS\OFLIB64\OF_V0.7.4_X64\LIBS\OPENFRAMEWORKSCOMPILED\PROJECT\VS2010\X64\RELEASE\OFMATH.OBJ
G:\DEVTOOLS\OFLIB64\OF_V0.7.4_X64\LIBS\OPENFRAMEWORKSCOMPILED\PROJECT\VS2010\X64\RELEASE\OFTRUETYPEFONT.OBJ
G:\DEVTOOLS\OFLIB64\OF_V0.7.4_X64\LIBS\OPENFRAMEWORKSCOMPILED\PROJECT\VS2010\X64\RELEASE\OFTESSELLATOR.OBJ
G:\DEVTOOLS\OFLIB64\OF_V0.7.4_X64\LIBS\OPENFRAMEWORKSCOMPILED\PROJECT\VS2010\X64\RELEASE\OFPOLYLINE.OBJ
G:\DEVTOOLS\OFLIB64\OF_V0.7.4_X64\LIBS\OPENFRAMEWORKSCOMPILED\PROJECT\VS2010\X64\RELEASE\OFPIXELS.OBJ
G:\DEVTOOLS\OFLIB64\OF_V0.7.4_X64\LIBS\OPENFRAMEWORKSCOMPILED\PROJECT\VS2010\X64\RELEASE\OFPATH.OBJ
G:\DEVTOOLS\OFLIB64\OF_V0.7.4_X64\LIBS\OPENFRAMEWORKSCOMPILED\PROJECT\VS2010\X64\RELEASE\OFSERIAL.OBJ
G:\DEVTOOLS\OFLIB64\OF_V0.7.4_X64\LIBS\OPENFRAMEWORKSCOMPILED\PROJECT\VS2010\X64\RELEASE\OFARDUINO.OBJ
G:\DEVTOOLS\OFLIB64\OF_V0.7.4_X64\LIBS\OPENFRAMEWORKSCOMPILED\PROJECT\VS2010\X64\RELEASE\OFVIDEOGRABBER.OBJ
G:\DEVTOOLS\OFLIB64\OF_V0.7.4_X64\LIBS\OPENFRAMEWORKSCOMPILED\PROJECT\VS2010\X64\RELEASE\OFDIRECTSHOWGRABBER.OBJ
G:\DEVTOOLS\OFLIB64\OF_V0.7.4_X64\LIBS\OPENFRAMEWORKSCOMPILED\PROJECT\VS2010\X64\RELEASE\OFUTILS.OBJ
G:\DEVTOOLS\OFLIB64\OF_V0.7.4_X64\LIBS\OPENFRAMEWORKSCOMPILED\PROJECT\VS2010\X64\RELEASE\OFURLFILELOADER.OBJ
G:\DEVTOOLS\OFLIB64\OF_V0.7.4_X64\LIBS\OPENFRAMEWORKSCOMPILED\PROJECT\VS2010\X64\RELEASE\OFTHREAD.OBJ
G:\DEVTOOLS\OFLIB64\OF_V0.7.4_X64\LIBS\OPENFRAMEWORKSCOMPILED\PROJECT\VS2010\X64\RELEASE\OFSYSTEMUTILS.OBJ
G:\DEVTOOLS\OFLIB64\OF_V0.7.4_X64\LIBS\OPENFRAMEWORKSCOMPILED\PROJECT\VS2010\X64\RELEASE\OFLOG.OBJ
G:\DEVTOOLS\OFLIB64\OF_V0.7.4_X64\LIBS\OPENFRAMEWORKSCOMPILED\PROJECT\VS2010\X64\RELEASE\OFFILEUTILS.OBJ
G:\DEVTOOLS\OFLIB64\OF_V0.7.4_X64\LIBS\OPENFRAMEWORKSCOMPILED\PROJECT\VS2010\X64\RELEASE\OFRECTANGLE.OBJ
G:\DEVTOOLS\OFLIB64\OF_V0.7.4_X64\LIBS\OPENFRAMEWORKSCOMPILED\PROJECT\VS2010\X64\RELEASE\OPENFRAMEWORKSLIB.LIB
G:\DevTools\ofLib64\of_v0.7.4_x64\libs\openFrameworksCompiled\project\vs2010\x64\Release\of3dUtils.obj
G:\DevTools\ofLib64\of_v0.7.4_x64\libs\openFrameworksCompiled\project\vs2010\x64\Release\ofAppGlutWindow.obj
G:\DevTools\ofLib64\of_v0.7.4_x64\libs\openFrameworksCompiled\project\vs2010\x64\Release\ofAppRunner.obj
G:\DevTools\ofLib64\of_v0.7.4_x64\libs\openFrameworksCompiled\project\vs2010\x64\Release\ofArduino.obj
G:\DevTools\ofLib64\of_v0.7.4_x64\libs\openFrameworksCompiled\project\vs2010\x64\Release\ofBaseSoundPlayer.obj
G:\DevTools\ofLib64\of_v0.7.4_x64\libs\openFrameworksCompiled\project\vs2010\x64\Release\ofBaseSoundStream.obj
G:\DevTools\ofLib64\of_v0.7.4_x64\libs\openFrameworksCompiled\project\vs2010\x64\Release\ofBaseTypes.obj
G:\DevTools\ofLib64\of_v0.7.4_x64\libs\openFrameworksCompiled\project\vs2010\x64\Release\ofBitmapFont.obj
G:\DevTools\ofLib64\of_v0.7.4_x64\libs\openFrameworksCompiled\project\vs2010\x64\Release\ofCairoRenderer.obj
G:\DevTools\ofLib64\of_v0.7.4_x64\libs\openFrameworksCompiled\project\vs2010\x64\Release\ofCamera.obj
G:\DevTools\ofLib64\of_v0.7.4_x64\libs\openFrameworksCompiled\project\vs2010\x64\Release\ofColor.obj
G:\DevTools\ofLib64\of_v0.7.4_x64\libs\openFrameworksCompiled\project\vs2010\x64\Release\ofDirectShowGrabber.obj
G:\DevTools\ofLib64\of_v0.7.4_x64\libs\openFrameworksCompiled\project\vs2010\x64\Release\ofEasyCam.obj
G:\DevTools\ofLib64\of_v0.7.4_x64\libs\openFrameworksCompiled\project\vs2010\x64\Release\ofEvents.obj
G:\DevTools\ofLib64\of_v0.7.4_x64\libs\openFrameworksCompiled\project\vs2010\x64\Release\ofFbo.obj
G:\DevTools\ofLib64\of_v0.7.4_x64\libs\openFrameworksCompiled\project\vs2010\x64\Release\ofFileUtils.obj
G:\DevTools\ofLib64\of_v0.7.4_x64\libs\openFrameworksCompiled\project\vs2010\x64\Release\ofFmodSoundPlayer.obj
G:\DevTools\ofLib64\of_v0.7.4_x64\libs\openFrameworksCompiled\project\vs2010\x64\Release\ofGLRenderer.obj
G:\DevTools\ofLib64\of_v0.7.4_x64\libs\openFrameworksCompiled\project\vs2010\x64\Release\ofGraphics.obj
G:\DevTools\ofLib64\of_v0.7.4_x64\libs\openFrameworksCompiled\project\vs2010\x64\Release\ofImage.obj
G:\DevTools\ofLib64\of_v0.7.4_x64\libs\openFrameworksCompiled\project\vs2010\x64\Release\ofLight.obj
G:\DevTools\ofLib64\of_v0.7.4_x64\libs\openFrameworksCompiled\project\vs2010\x64\Release\ofLog.obj
G:\DevTools\ofLib64\of_v0.7.4_x64\libs\openFrameworksCompiled\project\vs2010\x64\Release\ofMaterial.obj
G:\DevTools\ofLib64\of_v0.7.4_x64\libs\openFrameworksCompiled\project\vs2010\x64\Release\ofMath.obj
G:\DevTools\ofLib64\of_v0.7.4_x64\libs\openFrameworksCompiled\project\vs2010\x64\Release\ofMatrix3x3.obj
G:\DevTools\ofLib64\of_v0.7.4_x64\libs\openFrameworksCompiled\project\vs2010\x64\Release\ofMatrix4x4.obj
G:\DevTools\ofLib64\of_v0.7.4_x64\libs\openFrameworksCompiled\project\vs2010\x64\Release\ofMesh.obj
G:\DevTools\ofLib64\of_v0.7.4_x64\libs\openFrameworksCompiled\project\vs2010\x64\Release\ofNode.obj
G:\DevTools\ofLib64\of_v0.7.4_x64\libs\openFrameworksCompiled\project\vs2010\x64\Release\ofPath.obj
G:\DevTools\ofLib64\of_v0.7.4_x64\libs\openFrameworksCompiled\project\vs2010\x64\Release\ofPixels.obj
G:\DevTools\ofLib64\of_v0.7.4_x64\libs\openFrameworksCompiled\project\vs2010\x64\Release\ofPoint.obj
G:\DevTools\ofLib64\of_v0.7.4_x64\libs\openFrameworksCompiled\project\vs2010\x64\Release\ofPolyline.obj
G:\DevTools\ofLib64\of_v0.7.4_x64\libs\openFrameworksCompiled\project\vs2010\x64\Release\ofQuaternion.obj
G:\DevTools\ofLib64\of_v0.7.4_x64\libs\openFrameworksCompiled\project\vs2010\x64\Release\ofRectangle.obj
G:\DevTools\ofLib64\of_v0.7.4_x64\libs\openFrameworksCompiled\project\vs2010\x64\Release\ofRtAudioSoundStream.obj
G:\DevTools\ofLib64\of_v0.7.4_x64\libs\openFrameworksCompiled\project\vs2010\x64\Release\ofSerial.obj
G:\DevTools\ofLib64\of_v0.7.4_x64\libs\openFrameworksCompiled\project\vs2010\x64\Release\ofShader.obj
G:\DevTools\ofLib64\of_v0.7.4_x64\libs\openFrameworksCompiled\project\vs2010\x64\Release\ofSoundPlayer.obj
G:\DevTools\ofLib64\of_v0.7.4_x64\libs\openFrameworksCompiled\project\vs2010\x64\Release\ofSoundStream.obj
G:\DevTools\ofLib64\of_v0.7.4_x64\libs\openFrameworksCompiled\project\vs2010\x64\Release\ofSystemUtils.obj
G:\DevTools\ofLib64\of_v0.7.4_x64\libs\openFrameworksCompiled\project\vs2010\x64\Release\ofTessellator.obj
G:\DevTools\ofLib64\of_v0.7.4_x64\libs\openFrameworksCompiled\project\vs2010\x64\Release\ofTexture.obj
G:\DevTools\ofLib64\of_v0.7.4_x64\libs\openFrameworksCompiled\project\vs2010\x64\Release\ofThread.obj
G:\DevTools\ofLib64\of_v0.7.4_x64\libs\openFrameworksCompiled\project\vs2010\x64\Release\ofTrueTypeFont.obj
G:\DevTools\ofLib64\of_v0.7.4_x64\libs\openFrameworksCompiled\project\vs2010\x64\Release\ofURLFileLoader.obj
G:\DevTools\ofLib64\of_v0.7.4_x64\libs\openFrameworksCompiled\project\vs2010\x64\Release\ofUtils.obj
G:\DevTools\ofLib64\of_v0.7.4_x64\libs\openFrameworksCompiled\project\vs2010\x64\Release\ofVbo.obj
G:\DevTools\ofLib64\of_v0.7.4_x64\libs\openFrameworksCompiled\project\vs2010\x64\Release\ofVboMesh.obj
G:\DevTools\ofLib64\of_v0.7.4_x64\libs\openFrameworksCompiled\project\vs2010\x64\Release\ofVec2f.obj
G:\DevTools\ofLib64\of_v0.7.4_x64\libs\openFrameworksCompiled\project\vs2010\x64\Release\ofVec4f.obj
G:\DevTools\ofLib64\of_v0.7.4_x64\libs\openFrameworksCompiled\project\vs2010\x64\Release\ofVideoGrabber.obj
G:\DevTools\ofLib64\of_v0.7.4_x64\libs\openFrameworksCompiled\project\vs2010\x64\Release\cl.command.1.tlog
G:\DevTools\ofLib64\of_v0.7.4_x64\libs\openFrameworksCompiled\project\vs2010\x64\Release\CL.read.1.tlog
G:\DevTools\ofLib64\of_v0.7.4_x64\libs\openFrameworksCompiled\project\vs2010\x64\Release\CL.write.1.tlog
G:\DevTools\ofLib64\of_v0.7.4_x64\libs\openFrameworksCompiled\project\vs2010\x64\Release\Lib-link.read.1.tlog
G:\DevTools\ofLib64\of_v0.7.4_x64\libs\openFrameworksCompiled\project\vs2010\x64\Release\Lib-link.write.1.tlog
G:\DevTools\ofLib64\of_v0.7.4_x64\libs\openFrameworksCompiled\project\vs2010\x64\Release\lib.command.1.tlog
G:\DevTools\ofLib64\of_v0.7.4_x64\libs\openFrameworksCompiled\project\vs2010\x64\Release\openframeworksLib.lib
