G:\DEVTOOLS\OFLIB64\OF_V0.7.4_X64\LIBS\OPENFRAMEWORKSCOMPILED\PROJECT\VS2010\X64\DEBUG\OFPATH.OBJ
G:\DEVTOOLS\OFLIB64\OF_V0.7.4_X64\LIBS\OPENFRAMEWORKSCOMPILED\PROJECT\VS2010\X64\DEBUG\OFIMAGE.OBJ
G:\DEVTOOLS\OFLIB64\OF_V0.7.4_X64\LIBS\OPENFRAMEWORKSCOMPILED\PROJECT\VS2010\X64\DEBUG\OFGRAPHICS.OBJ
G:\DEVTOOLS\OFLIB64\OF_V0.7.4_X64\LIBS\OPENFRAMEWORKSCOMPILED\PROJECT\VS2010\X64\DEBUG\OFBITMAPFONT.OBJ
G:\DEVTOOLS\OFLIB64\OF_V0.7.4_X64\LIBS\OPENFRAMEWORKSCOMPILED\PROJECT\VS2010\X64\DEBUG\OFVBOMESH.OBJ
G:\DEVTOOLS\OFLIB64\OF_V0.7.4_X64\LIBS\OPENFRAMEWORKSCOMPILED\PROJECT\VS2010\X64\DEBUG\OFVBO.OBJ
G:\DEVTOOLS\OFLIB64\OF_V0.7.4_X64\LIBS\OPENFRAMEWORKSCOMPILED\PROJECT\VS2010\X64\DEBUG\OFTEXTURE.OBJ
G:\DEVTOOLS\OFLIB64\OF_V0.7.4_X64\LIBS\OPENFRAMEWORKSCOMPILED\PROJECT\VS2010\X64\DEBUG\OFSHADER.OBJ
G:\DEVTOOLS\OFLIB64\OF_V0.7.4_X64\LIBS\OPENFRAMEWORKSCOMPILED\PROJECT\VS2010\X64\DEBUG\OFMATERIAL.OBJ
G:\DEVTOOLS\OFLIB64\OF_V0.7.4_X64\LIBS\OPENFRAMEWORKSCOMPILED\PROJECT\VS2010\X64\DEBUG\OFLIGHT.OBJ
G:\DEVTOOLS\OFLIB64\OF_V0.7.4_X64\LIBS\OPENFRAMEWORKSCOMPILED\PROJECT\VS2010\X64\DEBUG\OFGLRENDERER.OBJ
G:\DEVTOOLS\OFLIB64\OF_V0.7.4_X64\LIBS\OPENFRAMEWORKSCOMPILED\PROJECT\VS2010\X64\DEBUG\OFFBO.OBJ
G:\DEVTOOLS\OFLIB64\OF_V0.7.4_X64\LIBS\OPENFRAMEWORKSCOMPILED\PROJECT\VS2010\X64\DEBUG\OFEVENTS.OBJ
G:\DEVTOOLS\OFLIB64\OF_V0.7.4_X64\LIBS\OPENFRAMEWORKSCOMPILED\PROJECT\VS2010\X64\DEBUG\OFAPPRUNNER.OBJ
G:\DEVTOOLS\OFLIB64\OF_V0.7.4_X64\LIBS\OPENFRAMEWORKSCOMPILED\PROJECT\VS2010\X64\DEBUG\OFAPPGLUTWINDOW.OBJ
G:\DEVTOOLS\OFLIB64\OF_V0.7.4_X64\LIBS\OPENFRAMEWORKSCOMPILED\PROJECT\VS2010\X64\DEBUG\OFNODE.OBJ
G:\DEVTOOLS\OFLIB64\OF_V0.7.4_X64\LIBS\OPENFRAMEWORKSCOMPILED\PROJECT\VS2010\X64\DEBUG\OFMESH.OBJ
G:\DEVTOOLS\OFLIB64\OF_V0.7.4_X64\LIBS\OPENFRAMEWORKSCOMPILED\PROJECT\VS2010\X64\DEBUG\OFEASYCAM.OBJ
G:\DEVTOOLS\OFLIB64\OF_V0.7.4_X64\LIBS\OPENFRAMEWORKSCOMPILED\PROJECT\VS2010\X64\DEBUG\OFCAMERA.OBJ
G:\DEVTOOLS\OFLIB64\OF_V0.7.4_X64\LIBS\OPENFRAMEWORKSCOMPILED\PROJECT\VS2010\X64\DEBUG\OF3DUTILS.OBJ
G:\DEVTOOLS\OFLIB64\OF_V0.7.4_X64\LIBS\OPENFRAMEWORKSCOMPILED\PROJECT\VS2010\X64\DEBUG\OFRECTANGLE.OBJ
G:\DEVTOOLS\OFLIB64\OF_V0.7.4_X64\LIBS\OPENFRAMEWORKSCOMPILED\PROJECT\VS2010\X64\DEBUG\OFPOINT.OBJ
G:\DEVTOOLS\OFLIB64\OF_V0.7.4_X64\LIBS\OPENFRAMEWORKSCOMPILED\PROJECT\VS2010\X64\DEBUG\OFCOLOR.OBJ
G:\DEVTOOLS\OFLIB64\OF_V0.7.4_X64\LIBS\OPENFRAMEWORKSCOMPILED\PROJECT\VS2010\X64\DEBUG\OFBASETYPES.OBJ
G:\DEVTOOLS\OFLIB64\OF_V0.7.4_X64\LIBS\OPENFRAMEWORKSCOMPILED\PROJECT\VS2010\X64\DEBUG\OFSOUNDSTREAM.OBJ
G:\DEVTOOLS\OFLIB64\OF_V0.7.4_X64\LIBS\OPENFRAMEWORKSCOMPILED\PROJECT\VS2010\X64\DEBUG\OFSOUNDPLAYER.OBJ
G:\DEVTOOLS\OFLIB64\OF_V0.7.4_X64\LIBS\OPENFRAMEWORKSCOMPILED\PROJECT\VS2010\X64\DEBUG\OFRTAUDIOSOUNDSTREAM.OBJ
G:\DEVTOOLS\OFLIB64\OF_V0.7.4_X64\LIBS\OPENFRAMEWORKSCOMPILED\PROJECT\VS2010\X64\DEBUG\OFFMODSOUNDPLAYER.OBJ
G:\DEVTOOLS\OFLIB64\OF_V0.7.4_X64\LIBS\OPENFRAMEWORKSCOMPILED\PROJECT\VS2010\X64\DEBUG\OFBASESOUNDSTREAM.OBJ
G:\DEVTOOLS\OFLIB64\OF_V0.7.4_X64\LIBS\OPENFRAMEWORKSCOMPILED\PROJECT\VS2010\X64\DEBUG\OFBASESOUNDPLAYER.OBJ
G:\DEVTOOLS\OFLIB64\OF_V0.7.4_X64\LIBS\OPENFRAMEWORKSCOMPILED\PROJECT\VS2010\X64\DEBUG\OFVEC4F.OBJ
G:\DEVTOOLS\OFLIB64\OF_V0.7.4_X64\LIBS\OPENFRAMEWORKSCOMPILED\PROJECT\VS2010\X64\DEBUG\OFVEC2F.OBJ
G:\DEVTOOLS\OFLIB64\OF_V0.7.4_X64\LIBS\OPENFRAMEWORKSCOMPILED\PROJECT\VS2010\X64\DEBUG\OFQUATERNION.OBJ
G:\DEVTOOLS\OFLIB64\OF_V0.7.4_X64\LIBS\OPENFRAMEWORKSCOMPILED\PROJECT\VS2010\X64\DEBUG\OFMATRIX4X4.OBJ
G:\DEVTOOLS\OFLIB64\OF_V0.7.4_X64\LIBS\OPENFRAMEWORKSCOMPILED\PROJECT\VS2010\X64\DEBUG\OFMATRIX3X3.OBJ
G:\DEVTOOLS\OFLIB64\OF_V0.7.4_X64\LIBS\OPENFRAMEWORKSCOMPILED\PROJECT\VS2010\X64\DEBUG\OFMATH.OBJ
G:\DEVTOOLS\OFLIB64\OF_V0.7.4_X64\LIBS\OPENFRAMEWORKSCOMPILED\PROJECT\VS2010\X64\DEBUG\OFTRUETYPEFONT.OBJ
G:\DEVTOOLS\OFLIB64\OF_V0.7.4_X64\LIBS\OPENFRAMEWORKSCOMPILED\PROJECT\VS2010\X64\DEBUG\OFTESSELLATOR.OBJ
G:\DEVTOOLS\OFLIB64\OF_V0.7.4_X64\LIBS\OPENFRAMEWORKSCOMPILED\PROJECT\VS2010\X64\DEBUG\OFPOLYLINE.OBJ
G:\DEVTOOLS\OFLIB64\OF_V0.7.4_X64\LIBS\OPENFRAMEWORKSCOMPILED\PROJECT\VS2010\X64\DEBUG\OFPIXELS.OBJ
G:\DEVTOOLS\OFLIB64\OF_V0.7.4_X64\LIBS\OPENFRAMEWORKSCOMPILED\PROJECT\VS2010\X64\DEBUG\OFSERIAL.OBJ
G:\DEVTOOLS\OFLIB64\OF_V0.7.4_X64\LIBS\OPENFRAMEWORKSCOMPILED\PROJECT\VS2010\X64\DEBUG\OFARDUINO.OBJ
G:\DEVTOOLS\OFLIB64\OF_V0.7.4_X64\LIBS\OPENFRAMEWORKSCOMPILED\PROJECT\VS2010\X64\DEBUG\OFVIDEOGRABBER.OBJ
G:\DEVTOOLS\OFLIB64\OF_V0.7.4_X64\LIBS\OPENFRAMEWORKSCOMPILED\PROJECT\VS2010\X64\DEBUG\OFDIRECTSHOWGRABBER.OBJ
G:\DEVTOOLS\OFLIB64\OF_V0.7.4_X64\LIBS\OPENFRAMEWORKSCOMPILED\PROJECT\VS2010\X64\DEBUG\OFUTILS.OBJ
G:\DEVTOOLS\OFLIB64\OF_V0.7.4_X64\LIBS\OPENFRAMEWORKSCOMPILED\PROJECT\VS2010\X64\DEBUG\OFURLFILELOADER.OBJ
G:\DEVTOOLS\OFLIB64\OF_V0.7.4_X64\LIBS\OPENFRAMEWORKSCOMPILED\PROJECT\VS2010\X64\DEBUG\OFTHREAD.OBJ
G:\DEVTOOLS\OFLIB64\OF_V0.7.4_X64\LIBS\OPENFRAMEWORKSCOMPILED\PROJECT\VS2010\X64\DEBUG\OFSYSTEMUTILS.OBJ
G:\DEVTOOLS\OFLIB64\OF_V0.7.4_X64\LIBS\OPENFRAMEWORKSCOMPILED\PROJECT\VS2010\X64\DEBUG\OFLOG.OBJ
G:\DEVTOOLS\OFLIB64\OF_V0.7.4_X64\LIBS\OPENFRAMEWORKSCOMPILED\PROJECT\VS2010\X64\DEBUG\OFFILEUTILS.OBJ
G:\DEVTOOLS\OFLIB64\OF_V0.7.4_X64\LIBS\OPENFRAMEWORKSCOMPILED\PROJECT\VS2010\X64\DEBUG\VC110.PDB
G:\DEVTOOLS\OFLIB64\OF_V0.7.4_X64\EXAMPLES\VIDEO\VIDEOGRABBEREXAMPLE\X64\DEBUG\OPENFRAMEWORKSLIBDEBUG.LIB
G:\DevTools\ofLib64\of_v0.7.4_x64\libs\openFrameworksCompiled\project\vs2010\x64\Debug\of3dUtils.obj
G:\DevTools\ofLib64\of_v0.7.4_x64\libs\openFrameworksCompiled\project\vs2010\x64\Debug\ofAppGlutWindow.obj
G:\DevTools\ofLib64\of_v0.7.4_x64\libs\openFrameworksCompiled\project\vs2010\x64\Debug\ofAppRunner.obj
G:\DevTools\ofLib64\of_v0.7.4_x64\libs\openFrameworksCompiled\project\vs2010\x64\Debug\ofArduino.obj
G:\DevTools\ofLib64\of_v0.7.4_x64\libs\openFrameworksCompiled\project\vs2010\x64\Debug\ofBaseSoundPlayer.obj
G:\DevTools\ofLib64\of_v0.7.4_x64\libs\openFrameworksCompiled\project\vs2010\x64\Debug\ofBaseSoundStream.obj
G:\DevTools\ofLib64\of_v0.7.4_x64\libs\openFrameworksCompiled\project\vs2010\x64\Debug\ofBaseTypes.obj
G:\DevTools\ofLib64\of_v0.7.4_x64\libs\openFrameworksCompiled\project\vs2010\x64\Debug\ofBitmapFont.obj
G:\DevTools\ofLib64\of_v0.7.4_x64\libs\openFrameworksCompiled\project\vs2010\x64\Debug\ofCamera.obj
G:\DevTools\ofLib64\of_v0.7.4_x64\libs\openFrameworksCompiled\project\vs2010\x64\Debug\ofColor.obj
G:\DevTools\ofLib64\of_v0.7.4_x64\libs\openFrameworksCompiled\project\vs2010\x64\Debug\ofDirectShowGrabber.obj
G:\DevTools\ofLib64\of_v0.7.4_x64\libs\openFrameworksCompiled\project\vs2010\x64\Debug\ofEasyCam.obj
G:\DevTools\ofLib64\of_v0.7.4_x64\libs\openFrameworksCompiled\project\vs2010\x64\Debug\ofEvents.obj
G:\DevTools\ofLib64\of_v0.7.4_x64\libs\openFrameworksCompiled\project\vs2010\x64\Debug\ofFbo.obj
G:\DevTools\ofLib64\of_v0.7.4_x64\libs\openFrameworksCompiled\project\vs2010\x64\Debug\ofFileUtils.obj
G:\DevTools\ofLib64\of_v0.7.4_x64\libs\openFrameworksCompiled\project\vs2010\x64\Debug\ofFmodSoundPlayer.obj
G:\DevTools\ofLib64\of_v0.7.4_x64\libs\openFrameworksCompiled\project\vs2010\x64\Debug\ofGLRenderer.obj
G:\DevTools\ofLib64\of_v0.7.4_x64\libs\openFrameworksCompiled\project\vs2010\x64\Debug\ofGraphics.obj
G:\DevTools\ofLib64\of_v0.7.4_x64\libs\openFrameworksCompiled\project\vs2010\x64\Debug\ofImage.obj
G:\DevTools\ofLib64\of_v0.7.4_x64\libs\openFrameworksCompiled\project\vs2010\x64\Debug\ofLight.obj
G:\DevTools\ofLib64\of_v0.7.4_x64\libs\openFrameworksCompiled\project\vs2010\x64\Debug\ofLog.obj
G:\DevTools\ofLib64\of_v0.7.4_x64\libs\openFrameworksCompiled\project\vs2010\x64\Debug\ofMaterial.obj
G:\DevTools\ofLib64\of_v0.7.4_x64\libs\openFrameworksCompiled\project\vs2010\x64\Debug\ofMath.obj
G:\DevTools\ofLib64\of_v0.7.4_x64\libs\openFrameworksCompiled\project\vs2010\x64\Debug\ofMatrix3x3.obj
G:\DevTools\ofLib64\of_v0.7.4_x64\libs\openFrameworksCompiled\project\vs2010\x64\Debug\ofMatrix4x4.obj
G:\DevTools\ofLib64\of_v0.7.4_x64\libs\openFrameworksCompiled\project\vs2010\x64\Debug\ofMesh.obj
G:\DevTools\ofLib64\of_v0.7.4_x64\libs\openFrameworksCompiled\project\vs2010\x64\Debug\ofNode.obj
G:\DevTools\ofLib64\of_v0.7.4_x64\libs\openFrameworksCompiled\project\vs2010\x64\Debug\ofPath.obj
G:\DevTools\ofLib64\of_v0.7.4_x64\libs\openFrameworksCompiled\project\vs2010\x64\Debug\ofPixels.obj
G:\DevTools\ofLib64\of_v0.7.4_x64\libs\openFrameworksCompiled\project\vs2010\x64\Debug\ofPoint.obj
G:\DevTools\ofLib64\of_v0.7.4_x64\libs\openFrameworksCompiled\project\vs2010\x64\Debug\ofPolyline.obj
G:\DevTools\ofLib64\of_v0.7.4_x64\libs\openFrameworksCompiled\project\vs2010\x64\Debug\ofQuaternion.obj
G:\DevTools\ofLib64\of_v0.7.4_x64\libs\openFrameworksCompiled\project\vs2010\x64\Debug\ofRectangle.obj
G:\DevTools\ofLib64\of_v0.7.4_x64\libs\openFrameworksCompiled\project\vs2010\x64\Debug\ofRtAudioSoundStream.obj
G:\DevTools\ofLib64\of_v0.7.4_x64\libs\openFrameworksCompiled\project\vs2010\x64\Debug\ofSerial.obj
G:\DevTools\ofLib64\of_v0.7.4_x64\libs\openFrameworksCompiled\project\vs2010\x64\Debug\ofShader.obj
G:\DevTools\ofLib64\of_v0.7.4_x64\libs\openFrameworksCompiled\project\vs2010\x64\Debug\ofSoundPlayer.obj
G:\DevTools\ofLib64\of_v0.7.4_x64\libs\openFrameworksCompiled\project\vs2010\x64\Debug\ofSoundStream.obj
G:\DevTools\ofLib64\of_v0.7.4_x64\libs\openFrameworksCompiled\project\vs2010\x64\Debug\ofSystemUtils.obj
G:\DevTools\ofLib64\of_v0.7.4_x64\libs\openFrameworksCompiled\project\vs2010\x64\Debug\ofTessellator.obj
G:\DevTools\ofLib64\of_v0.7.4_x64\libs\openFrameworksCompiled\project\vs2010\x64\Debug\ofTexture.obj
G:\DevTools\ofLib64\of_v0.7.4_x64\libs\openFrameworksCompiled\project\vs2010\x64\Debug\ofThread.obj
G:\DevTools\ofLib64\of_v0.7.4_x64\libs\openFrameworksCompiled\project\vs2010\x64\Debug\ofTrueTypeFont.obj
G:\DevTools\ofLib64\of_v0.7.4_x64\libs\openFrameworksCompiled\project\vs2010\x64\Debug\ofURLFileLoader.obj
G:\DevTools\ofLib64\of_v0.7.4_x64\libs\openFrameworksCompiled\project\vs2010\x64\Debug\ofUtils.obj
G:\DevTools\ofLib64\of_v0.7.4_x64\libs\openFrameworksCompiled\project\vs2010\x64\Debug\ofVbo.obj
G:\DevTools\ofLib64\of_v0.7.4_x64\libs\openFrameworksCompiled\project\vs2010\x64\Debug\ofVboMesh.obj
G:\DevTools\ofLib64\of_v0.7.4_x64\libs\openFrameworksCompiled\project\vs2010\x64\Debug\ofVec2f.obj
G:\DevTools\ofLib64\of_v0.7.4_x64\libs\openFrameworksCompiled\project\vs2010\x64\Debug\ofVec4f.obj
G:\DevTools\ofLib64\of_v0.7.4_x64\libs\openFrameworksCompiled\project\vs2010\x64\Debug\ofVideoGrabber.obj
G:\DevTools\ofLib64\of_v0.7.4_x64\libs\openFrameworksCompiled\project\vs2010\x64\Debug\cl.command.1.tlog
G:\DevTools\ofLib64\of_v0.7.4_x64\libs\openFrameworksCompiled\project\vs2010\x64\Debug\CL.read.1.tlog
G:\DevTools\ofLib64\of_v0.7.4_x64\libs\openFrameworksCompiled\project\vs2010\x64\Debug\CL.write.1.tlog
G:\DevTools\ofLib64\of_v0.7.4_x64\libs\openFrameworksCompiled\project\vs2010\x64\Debug\Lib-link.read.1.tlog
G:\DevTools\ofLib64\of_v0.7.4_x64\libs\openFrameworksCompiled\project\vs2010\x64\Debug\Lib-link.write.1.tlog
G:\DevTools\ofLib64\of_v0.7.4_x64\libs\openFrameworksCompiled\project\vs2010\x64\Debug\lib.command.1.tlog
G:\DevTools\ofLib64\of_v0.7.4_x64\libs\openFrameworksCompiled\project\vs2010\x64\Debug\vc110.pdb
G:\DevTools\ofLib64\of_v0.7.4_x64\examples\video\videoGrabberExample\x64\Debug\openframeworksLibDebug.lib
