F:\MYDEVS\OPENFRAMEWORKS_X64\LIBS\OPENFRAMEWORKSCOMPILED\PROJECT\VS2010\X64\RELEASE\OFPATH.OBJ
F:\MYDEVS\OPENFRAMEWORKS_X64\LIBS\OPENFRAMEWORKSCOMPILED\PROJECT\VS2010\X64\RELEASE\OFIMAGE.OBJ
F:\MYDEVS\OPENFRAMEWORKS_X64\LIBS\OPENFRAMEWORKSCOMPILED\PROJECT\VS2010\X64\RELEASE\OFGRAPHICS.OBJ
F:\MYDEVS\OPENFRAMEWORKS_X64\LIBS\OPENFRAMEWORKSCOMPILED\PROJECT\VS2010\X64\RELEASE\OFBITMAPFONT.OBJ
F:\MYDEVS\OPENFRAMEWORKS_X64\LIBS\OPENFRAMEWORKSCOMPILED\PROJECT\VS2010\X64\RELEASE\OFVBOMESH.OBJ
F:\MYDEVS\OPENFRAMEWORKS_X64\LIBS\OPENFRAMEWORKSCOMPILED\PROJECT\VS2010\X64\RELEASE\OFVBO.OBJ
F:\MYDEVS\OPENFRAMEWORKS_X64\LIBS\OPENFRAMEWORKSCOMPILED\PROJECT\VS2010\X64\RELEASE\OFTEXTURE.OBJ
F:\MYDEVS\OPENFRAMEWORKS_X64\LIBS\OPENFRAMEWORKSCOMPILED\PROJECT\VS2010\X64\RELEASE\OFSHADER.OBJ
F:\MYDEVS\OPENFRAMEWORKS_X64\LIBS\OPENFRAMEWORKSCOMPILED\PROJECT\VS2010\X64\RELEASE\OFMATERIAL.OBJ
F:\MYDEVS\OPENFRAMEWORKS_X64\LIBS\OPENFRAMEWORKSCOMPILED\PROJECT\VS2010\X64\RELEASE\OFLIGHT.OBJ
F:\MYDEVS\OPENFRAMEWORKS_X64\LIBS\OPENFRAMEWORKSCOMPILED\PROJECT\VS2010\X64\RELEASE\OFGLRENDERER.OBJ
F:\MYDEVS\OPENFRAMEWORKS_X64\LIBS\OPENFRAMEWORKSCOMPILED\PROJECT\VS2010\X64\RELEASE\OFFBO.OBJ
F:\MYDEVS\OPENFRAMEWORKS_X64\LIBS\OPENFRAMEWORKSCOMPILED\PROJECT\VS2010\X64\RELEASE\OFEVENTS.OBJ
F:\MYDEVS\OPENFRAMEWORKS_X64\LIBS\OPENFRAMEWORKSCOMPILED\PROJECT\VS2010\X64\RELEASE\OFAPPRUNNER.OBJ
F:\MYDEVS\OPENFRAMEWORKS_X64\LIBS\OPENFRAMEWORKSCOMPILED\PROJECT\VS2010\X64\RELEASE\OFAPPGLUTWINDOW.OBJ
F:\MYDEVS\OPENFRAMEWORKS_X64\LIBS\OPENFRAMEWORKSCOMPILED\PROJECT\VS2010\X64\RELEASE\OFNODE.OBJ
F:\MYDEVS\OPENFRAMEWORKS_X64\LIBS\OPENFRAMEWORKSCOMPILED\PROJECT\VS2010\X64\RELEASE\OFMESH.OBJ
F:\MYDEVS\OPENFRAMEWORKS_X64\LIBS\OPENFRAMEWORKSCOMPILED\PROJECT\VS2010\X64\RELEASE\OFEASYCAM.OBJ
F:\MYDEVS\OPENFRAMEWORKS_X64\LIBS\OPENFRAMEWORKSCOMPILED\PROJECT\VS2010\X64\RELEASE\OFCAMERA.OBJ
F:\MYDEVS\OPENFRAMEWORKS_X64\LIBS\OPENFRAMEWORKSCOMPILED\PROJECT\VS2010\X64\RELEASE\OF3DUTILS.OBJ
F:\MYDEVS\OPENFRAMEWORKS_X64\LIBS\OPENFRAMEWORKSCOMPILED\PROJECT\VS2010\X64\RELEASE\OFRECTANGLE.OBJ
F:\MYDEVS\OPENFRAMEWORKS_X64\LIBS\OPENFRAMEWORKSCOMPILED\PROJECT\VS2010\X64\RELEASE\OFPOINT.OBJ
F:\MYDEVS\OPENFRAMEWORKS_X64\LIBS\OPENFRAMEWORKSCOMPILED\PROJECT\VS2010\X64\RELEASE\OFCOLOR.OBJ
F:\MYDEVS\OPENFRAMEWORKS_X64\LIBS\OPENFRAMEWORKSCOMPILED\PROJECT\VS2010\X64\RELEASE\OFBASETYPES.OBJ
F:\MYDEVS\OPENFRAMEWORKS_X64\LIBS\OPENFRAMEWORKSCOMPILED\PROJECT\VS2010\X64\RELEASE\OFSOUNDSTREAM.OBJ
F:\MYDEVS\OPENFRAMEWORKS_X64\LIBS\OPENFRAMEWORKSCOMPILED\PROJECT\VS2010\X64\RELEASE\OFSOUNDPLAYER.OBJ
F:\MYDEVS\OPENFRAMEWORKS_X64\LIBS\OPENFRAMEWORKSCOMPILED\PROJECT\VS2010\X64\RELEASE\OFRTAUDIOSOUNDSTREAM.OBJ
F:\MYDEVS\OPENFRAMEWORKS_X64\LIBS\OPENFRAMEWORKSCOMPILED\PROJECT\VS2010\X64\RELEASE\OFFMODSOUNDPLAYER.OBJ
F:\MYDEVS\OPENFRAMEWORKS_X64\LIBS\OPENFRAMEWORKSCOMPILED\PROJECT\VS2010\X64\RELEASE\OFBASESOUNDSTREAM.OBJ
F:\MYDEVS\OPENFRAMEWORKS_X64\LIBS\OPENFRAMEWORKSCOMPILED\PROJECT\VS2010\X64\RELEASE\OFBASESOUNDPLAYER.OBJ
F:\MYDEVS\OPENFRAMEWORKS_X64\LIBS\OPENFRAMEWORKSCOMPILED\PROJECT\VS2010\X64\RELEASE\OFVEC4F.OBJ
F:\MYDEVS\OPENFRAMEWORKS_X64\LIBS\OPENFRAMEWORKSCOMPILED\PROJECT\VS2010\X64\RELEASE\OFVEC2F.OBJ
F:\MYDEVS\OPENFRAMEWORKS_X64\LIBS\OPENFRAMEWORKSCOMPILED\PROJECT\VS2010\X64\RELEASE\OFQUATERNION.OBJ
F:\MYDEVS\OPENFRAMEWORKS_X64\LIBS\OPENFRAMEWORKSCOMPILED\PROJECT\VS2010\X64\RELEASE\OFMATRIX4X4.OBJ
F:\MYDEVS\OPENFRAMEWORKS_X64\LIBS\OPENFRAMEWORKSCOMPILED\PROJECT\VS2010\X64\RELEASE\OFMATRIX3X3.OBJ
F:\MYDEVS\OPENFRAMEWORKS_X64\LIBS\OPENFRAMEWORKSCOMPILED\PROJECT\VS2010\X64\RELEASE\OFMATH.OBJ
F:\MYDEVS\OPENFRAMEWORKS_X64\LIBS\OPENFRAMEWORKSCOMPILED\PROJECT\VS2010\X64\RELEASE\OFTRUETYPEFONT.OBJ
F:\MYDEVS\OPENFRAMEWORKS_X64\LIBS\OPENFRAMEWORKSCOMPILED\PROJECT\VS2010\X64\RELEASE\OFTESSELLATOR.OBJ
F:\MYDEVS\OPENFRAMEWORKS_X64\LIBS\OPENFRAMEWORKSCOMPILED\PROJECT\VS2010\X64\RELEASE\OFPOLYLINE.OBJ
F:\MYDEVS\OPENFRAMEWORKS_X64\LIBS\OPENFRAMEWORKSCOMPILED\PROJECT\VS2010\X64\RELEASE\OFPIXELS.OBJ
F:\MYDEVS\OPENFRAMEWORKS_X64\LIBS\OPENFRAMEWORKSCOMPILED\PROJECT\VS2010\X64\RELEASE\OFSERIAL.OBJ
F:\MYDEVS\OPENFRAMEWORKS_X64\LIBS\OPENFRAMEWORKSCOMPILED\PROJECT\VS2010\X64\RELEASE\OFARDUINO.OBJ
F:\MYDEVS\OPENFRAMEWORKS_X64\LIBS\OPENFRAMEWORKSCOMPILED\PROJECT\VS2010\X64\RELEASE\OFVIDEOGRABBER.OBJ
F:\MYDEVS\OPENFRAMEWORKS_X64\LIBS\OPENFRAMEWORKSCOMPILED\PROJECT\VS2010\X64\RELEASE\OFDIRECTSHOWGRABBER.OBJ
F:\MYDEVS\OPENFRAMEWORKS_X64\LIBS\OPENFRAMEWORKSCOMPILED\PROJECT\VS2010\X64\RELEASE\OFUTILS.OBJ
F:\MYDEVS\OPENFRAMEWORKS_X64\LIBS\OPENFRAMEWORKSCOMPILED\PROJECT\VS2010\X64\RELEASE\OFURLFILELOADER.OBJ
F:\MYDEVS\OPENFRAMEWORKS_X64\LIBS\OPENFRAMEWORKSCOMPILED\PROJECT\VS2010\X64\RELEASE\OFTHREAD.OBJ
F:\MYDEVS\OPENFRAMEWORKS_X64\LIBS\OPENFRAMEWORKSCOMPILED\PROJECT\VS2010\X64\RELEASE\OFSYSTEMUTILS.OBJ
F:\MYDEVS\OPENFRAMEWORKS_X64\LIBS\OPENFRAMEWORKSCOMPILED\PROJECT\VS2010\X64\RELEASE\OFLOG.OBJ
F:\MYDEVS\OPENFRAMEWORKS_X64\LIBS\OPENFRAMEWORKSCOMPILED\PROJECT\VS2010\X64\RELEASE\OFFILEUTILS.OBJ
F:\MYDEVS\OPENFRAMEWORKS_X64\EXAMPLES\VIDEO\VIDEOGRABBEREXAMPLE\X64\RELEASE\OPENFRAMEWORKSLIB.LIB
F:\myDevs\OpenFrameWorks_X64\libs\openFrameworksCompiled\project\vs2010\x64\Release\of3dUtils.obj
F:\myDevs\OpenFrameWorks_X64\libs\openFrameworksCompiled\project\vs2010\x64\Release\ofAppGlutWindow.obj
F:\myDevs\OpenFrameWorks_X64\libs\openFrameworksCompiled\project\vs2010\x64\Release\ofAppRunner.obj
F:\myDevs\OpenFrameWorks_X64\libs\openFrameworksCompiled\project\vs2010\x64\Release\ofArduino.obj
F:\myDevs\OpenFrameWorks_X64\libs\openFrameworksCompiled\project\vs2010\x64\Release\ofBaseSoundPlayer.obj
F:\myDevs\OpenFrameWorks_X64\libs\openFrameworksCompiled\project\vs2010\x64\Release\ofBaseSoundStream.obj
F:\myDevs\OpenFrameWorks_X64\libs\openFrameworksCompiled\project\vs2010\x64\Release\ofBaseTypes.obj
F:\myDevs\OpenFrameWorks_X64\libs\openFrameworksCompiled\project\vs2010\x64\Release\ofBitmapFont.obj
F:\myDevs\OpenFrameWorks_X64\libs\openFrameworksCompiled\project\vs2010\x64\Release\ofCamera.obj
F:\myDevs\OpenFrameWorks_X64\libs\openFrameworksCompiled\project\vs2010\x64\Release\ofColor.obj
F:\myDevs\OpenFrameWorks_X64\libs\openFrameworksCompiled\project\vs2010\x64\Release\ofDirectShowGrabber.obj
F:\myDevs\OpenFrameWorks_X64\libs\openFrameworksCompiled\project\vs2010\x64\Release\ofEasyCam.obj
F:\myDevs\OpenFrameWorks_X64\libs\openFrameworksCompiled\project\vs2010\x64\Release\ofEvents.obj
F:\myDevs\OpenFrameWorks_X64\libs\openFrameworksCompiled\project\vs2010\x64\Release\ofFbo.obj
F:\myDevs\OpenFrameWorks_X64\libs\openFrameworksCompiled\project\vs2010\x64\Release\ofFileUtils.obj
F:\myDevs\OpenFrameWorks_X64\libs\openFrameworksCompiled\project\vs2010\x64\Release\ofFmodSoundPlayer.obj
F:\myDevs\OpenFrameWorks_X64\libs\openFrameworksCompiled\project\vs2010\x64\Release\ofGLRenderer.obj
F:\myDevs\OpenFrameWorks_X64\libs\openFrameworksCompiled\project\vs2010\x64\Release\ofGraphics.obj
F:\myDevs\OpenFrameWorks_X64\libs\openFrameworksCompiled\project\vs2010\x64\Release\ofImage.obj
F:\myDevs\OpenFrameWorks_X64\libs\openFrameworksCompiled\project\vs2010\x64\Release\ofLight.obj
F:\myDevs\OpenFrameWorks_X64\libs\openFrameworksCompiled\project\vs2010\x64\Release\ofLog.obj
F:\myDevs\OpenFrameWorks_X64\libs\openFrameworksCompiled\project\vs2010\x64\Release\ofMaterial.obj
F:\myDevs\OpenFrameWorks_X64\libs\openFrameworksCompiled\project\vs2010\x64\Release\ofMath.obj
F:\myDevs\OpenFrameWorks_X64\libs\openFrameworksCompiled\project\vs2010\x64\Release\ofMatrix3x3.obj
F:\myDevs\OpenFrameWorks_X64\libs\openFrameworksCompiled\project\vs2010\x64\Release\ofMatrix4x4.obj
F:\myDevs\OpenFrameWorks_X64\libs\openFrameworksCompiled\project\vs2010\x64\Release\ofMesh.obj
F:\myDevs\OpenFrameWorks_X64\libs\openFrameworksCompiled\project\vs2010\x64\Release\ofNode.obj
F:\myDevs\OpenFrameWorks_X64\libs\openFrameworksCompiled\project\vs2010\x64\Release\ofPath.obj
F:\myDevs\OpenFrameWorks_X64\libs\openFrameworksCompiled\project\vs2010\x64\Release\ofPixels.obj
F:\myDevs\OpenFrameWorks_X64\libs\openFrameworksCompiled\project\vs2010\x64\Release\ofPoint.obj
F:\myDevs\OpenFrameWorks_X64\libs\openFrameworksCompiled\project\vs2010\x64\Release\ofPolyline.obj
F:\myDevs\OpenFrameWorks_X64\libs\openFrameworksCompiled\project\vs2010\x64\Release\ofQuaternion.obj
F:\myDevs\OpenFrameWorks_X64\libs\openFrameworksCompiled\project\vs2010\x64\Release\ofRectangle.obj
F:\myDevs\OpenFrameWorks_X64\libs\openFrameworksCompiled\project\vs2010\x64\Release\ofRtAudioSoundStream.obj
F:\myDevs\OpenFrameWorks_X64\libs\openFrameworksCompiled\project\vs2010\x64\Release\ofSerial.obj
F:\myDevs\OpenFrameWorks_X64\libs\openFrameworksCompiled\project\vs2010\x64\Release\ofShader.obj
F:\myDevs\OpenFrameWorks_X64\libs\openFrameworksCompiled\project\vs2010\x64\Release\ofSoundPlayer.obj
F:\myDevs\OpenFrameWorks_X64\libs\openFrameworksCompiled\project\vs2010\x64\Release\ofSoundStream.obj
F:\myDevs\OpenFrameWorks_X64\libs\openFrameworksCompiled\project\vs2010\x64\Release\ofSystemUtils.obj
F:\myDevs\OpenFrameWorks_X64\libs\openFrameworksCompiled\project\vs2010\x64\Release\ofTessellator.obj
F:\myDevs\OpenFrameWorks_X64\libs\openFrameworksCompiled\project\vs2010\x64\Release\ofTexture.obj
F:\myDevs\OpenFrameWorks_X64\libs\openFrameworksCompiled\project\vs2010\x64\Release\ofThread.obj
F:\myDevs\OpenFrameWorks_X64\libs\openFrameworksCompiled\project\vs2010\x64\Release\ofTrueTypeFont.obj
F:\myDevs\OpenFrameWorks_X64\libs\openFrameworksCompiled\project\vs2010\x64\Release\ofURLFileLoader.obj
F:\myDevs\OpenFrameWorks_X64\libs\openFrameworksCompiled\project\vs2010\x64\Release\ofUtils.obj
F:\myDevs\OpenFrameWorks_X64\libs\openFrameworksCompiled\project\vs2010\x64\Release\ofVbo.obj
F:\myDevs\OpenFrameWorks_X64\libs\openFrameworksCompiled\project\vs2010\x64\Release\ofVboMesh.obj
F:\myDevs\OpenFrameWorks_X64\libs\openFrameworksCompiled\project\vs2010\x64\Release\ofVec2f.obj
F:\myDevs\OpenFrameWorks_X64\libs\openFrameworksCompiled\project\vs2010\x64\Release\ofVec4f.obj
F:\myDevs\OpenFrameWorks_X64\libs\openFrameworksCompiled\project\vs2010\x64\Release\ofVideoGrabber.obj
F:\myDevs\OpenFrameWorks_X64\libs\openFrameworksCompiled\project\vs2010\x64\Release\cl.command.1.tlog
F:\myDevs\OpenFrameWorks_X64\libs\openFrameworksCompiled\project\vs2010\x64\Release\CL.read.1.tlog
F:\myDevs\OpenFrameWorks_X64\libs\openFrameworksCompiled\project\vs2010\x64\Release\CL.write.1.tlog
F:\myDevs\OpenFrameWorks_X64\libs\openFrameworksCompiled\project\vs2010\x64\Release\Lib-link.read.1.tlog
F:\myDevs\OpenFrameWorks_X64\libs\openFrameworksCompiled\project\vs2010\x64\Release\Lib-link.write.1.tlog
F:\myDevs\OpenFrameWorks_X64\libs\openFrameworksCompiled\project\vs2010\x64\Release\lib.command.1.tlog
